<?xml version="1.0" encoding="UTF-8"?>
<testsuite name="com.tarekham.calculator.CalculatorApplicationTests" tests="1" skipped="0" failures="0" errors="0" timestamp="2020-10-26T16:06:02" hostname="tarek-pc" time="0.687">
  <properties/>
  <testcase name="contextLoads()" classname="com.tarekham.calculator.CalculatorApplicationTests" time="0.687"/>
  <system-out><![CDATA[17:05:56.323 [Test worker] DEBUG org.springframework.test.context.BootstrapUtils - Instantiating CacheAwareContextLoaderDelegate from class [org.springframework.test.context.cache.DefaultCacheAwareContextLoaderDelegate]
17:05:56.393 [Test worker] DEBUG org.springframework.test.context.BootstrapUtils - Instantiating BootstrapContext using constructor [public org.springframework.test.context.support.DefaultBootstrapContext(java.lang.Class,org.springframework.test.context.CacheAwareContextLoaderDelegate)]
17:05:56.477 [Test worker] DEBUG org.springframework.test.context.BootstrapUtils - Instantiating TestContextBootstrapper for test class [com.tarekham.calculator.CalculatorApplicationTests] from class [org.springframework.boot.test.context.SpringBootTestContextBootstrapper]
17:05:56.509 [Test worker] INFO org.springframework.boot.test.context.SpringBootTestContextBootstrapper - Neither @ContextConfiguration nor @ContextHierarchy found for test class [com.tarekham.calculator.CalculatorApplicationTests], using SpringBootContextLoader
17:05:56.542 [Test worker] DEBUG org.springframework.test.context.support.AbstractContextLoader - Did not detect default resource location for test class [com.tarekham.calculator.CalculatorApplicationTests]: class path resource [com/tarekham/calculator/CalculatorApplicationTests-context.xml] does not exist
17:05:56.544 [Test worker] DEBUG org.springframework.test.context.support.AbstractContextLoader - Did not detect default resource location for test class [com.tarekham.calculator.CalculatorApplicationTests]: class path resource [com/tarekham/calculator/CalculatorApplicationTestsContext.groovy] does not exist
17:05:56.546 [Test worker] INFO org.springframework.test.context.support.AbstractContextLoader - Could not detect default resource locations for test class [com.tarekham.calculator.CalculatorApplicationTests]: no resource found for suffixes {-context.xml, Context.groovy}.
17:05:56.548 [Test worker] INFO org.springframework.test.context.support.AnnotationConfigContextLoaderUtils - Could not detect default configuration classes for test class [com.tarekham.calculator.CalculatorApplicationTests]: CalculatorApplicationTests does not declare any static, non-private, non-final, nested classes annotated with @Configuration.
17:05:56.693 [Test worker] DEBUG org.springframework.test.context.support.ActiveProfilesUtils - Could not find an 'annotation declaring class' for annotation type [org.springframework.test.context.ActiveProfiles] and class [com.tarekham.calculator.CalculatorApplicationTests]
17:05:56.860 [Test worker] DEBUG org.springframework.context.annotation.ClassPathScanningCandidateComponentProvider - Identified candidate component class: file [/root/Docker/chp4_CI-jenkins/calculator/build/classes/java/main/com/tarekham/calculator/CalculatorApplication.class]
17:05:56.880 [Test worker] INFO org.springframework.boot.test.context.SpringBootTestContextBootstrapper - Found @SpringBootConfiguration com.tarekham.calculator.CalculatorApplication for test class com.tarekham.calculator.CalculatorApplicationTests
17:05:57.164 [Test worker] DEBUG org.springframework.boot.test.context.SpringBootTestContextBootstrapper - @TestExecutionListeners is not present for class [com.tarekham.calculator.CalculatorApplicationTests]: using defaults.
17:05:57.165 [Test worker] INFO org.springframework.boot.test.context.SpringBootTestContextBootstrapper - Loaded default TestExecutionListener class names from location [META-INF/spring.factories]: [org.springframework.boot.test.autoconfigure.restdocs.RestDocsTestExecutionListener, org.springframework.boot.test.autoconfigure.web.client.MockRestServiceServerResetTestExecutionListener, org.springframework.boot.test.autoconfigure.web.servlet.MockMvcPrintOnlyOnFailureTestExecutionListener, org.springframework.boot.test.autoconfigure.web.servlet.WebDriverTestExecutionListener, org.springframework.boot.test.autoconfigure.webservices.client.MockWebServiceServerTestExecutionListener, org.springframework.boot.test.mock.mockito.MockitoTestExecutionListener, org.springframework.boot.test.mock.mockito.ResetMocksTestExecutionListener, org.springframework.test.context.web.ServletTestExecutionListener, org.springframework.test.context.support.DirtiesContextBeforeModesTestExecutionListener, org.springframework.test.context.support.DependencyInjectionTestExecutionListener, org.springframework.test.context.support.DirtiesContextTestExecutionListener, org.springframework.test.context.transaction.TransactionalTestExecutionListener, org.springframework.test.context.jdbc.SqlScriptsTestExecutionListener, org.springframework.test.context.event.EventPublishingTestExecutionListener]
17:05:57.182 [Test worker] DEBUG org.springframework.boot.test.context.SpringBootTestContextBootstrapper - Skipping candidate TestExecutionListener [org.springframework.test.context.transaction.TransactionalTestExecutionListener] due to a missing dependency. Specify custom listener classes or make the default listener classes and their required dependencies available. Offending class: [org/springframework/transaction/interceptor/TransactionAttributeSource]
17:05:57.183 [Test worker] DEBUG org.springframework.boot.test.context.SpringBootTestContextBootstrapper - Skipping candidate TestExecutionListener [org.springframework.test.context.jdbc.SqlScriptsTestExecutionListener] due to a missing dependency. Specify custom listener classes or make the default listener classes and their required dependencies available. Offending class: [org/springframework/transaction/interceptor/TransactionAttribute]
17:05:57.184 [Test worker] INFO org.springframework.boot.test.context.SpringBootTestContextBootstrapper - Using TestExecutionListeners: [org.springframework.test.context.web.ServletTestExecutionListener@58e0f189, org.springframework.test.context.support.DirtiesContextBeforeModesTestExecutionListener@1e3e99db, org.springframework.boot.test.mock.mockito.MockitoTestExecutionListener@45ea4a9b, org.springframework.boot.test.autoconfigure.SpringBootDependencyInjectionTestExecutionListener@36899dda, org.springframework.test.context.support.DirtiesContextTestExecutionListener@693a5e3b, org.springframework.test.context.event.EventPublishingTestExecutionListener@3a0e286, org.springframework.boot.test.autoconfigure.restdocs.RestDocsTestExecutionListener@1489cefb, org.springframework.boot.test.autoconfigure.web.client.MockRestServiceServerResetTestExecutionListener@6e14f6fd, org.springframework.boot.test.autoconfigure.web.servlet.MockMvcPrintOnlyOnFailureTestExecutionListener@5564b682, org.springframework.boot.test.autoconfigure.web.servlet.WebDriverTestExecutionListener@51d4ca7a, org.springframework.boot.test.autoconfigure.webservices.client.MockWebServiceServerTestExecutionListener@bf038ad, org.springframework.boot.test.mock.mockito.ResetMocksTestExecutionListener@429a8430]
17:05:57.192 [Test worker] DEBUG org.springframework.test.context.support.AbstractDirtiesContextTestExecutionListener - Before test class: context [DefaultTestContext@1e181f03 testClass = CalculatorApplicationTests, testInstance = [null], testMethod = [null], testException = [null], mergedContextConfiguration = [WebMergedContextConfiguration@340a3504 testClass = CalculatorApplicationTests, locations = '{}', classes = '{class com.tarekham.calculator.CalculatorApplication}', contextInitializerClasses = '[]', activeProfiles = '{}', propertySourceLocations = '{}', propertySourceProperties = '{org.springframework.boot.test.context.SpringBootTestContextBootstrapper=true}', contextCustomizers = set[org.springframework.boot.test.autoconfigure.properties.PropertyMappingContextCustomizer@0, org.springframework.boot.test.autoconfigure.web.servlet.WebDriverContextCustomizerFactory$Customizer@4d73cdb6, org.springframework.boot.test.context.filter.ExcludeFilterContextCustomizer@50119fe8, org.springframework.boot.test.json.DuplicateJsonObjectContextCustomizerFactory$DuplicateJsonObjectContextCustomizer@410df5a3, org.springframework.boot.test.mock.mockito.MockitoContextCustomizer@0, org.springframework.boot.test.web.client.TestRestTemplateContextCustomizer@736a6e0c, org.springframework.boot.test.context.SpringBootTestArgs@1], resourceBasePath = 'src/main/webapp', contextLoader = 'org.springframework.boot.test.context.SpringBootContextLoader', parent = [null]], attributes = map['org.springframework.test.context.web.ServletTestExecutionListener.activateListener' -> true]], class annotated with @DirtiesContext [false] with mode [null].
17:05:57.281 [Test worker] DEBUG org.springframework.test.context.support.TestPropertySourceUtils - Adding inlined properties to environment: {spring.jmx.enabled=false, org.springframework.boot.test.context.SpringBootTestContextBootstrapper=true}

  .   ____          _            __ _ _
 /\\ / ___'_ __ _ _(_)_ __  __ _ \ \ \ \
( ( )\___ | '_ | '_| | '_ \/ _` | \ \ \ \
 \\/  ___)| |_)| | | | | || (_| |  ) ) ) )
  '  |____| .__|_| |_|_| |_\__, | / / / /
 =========|_|==============|___/=/_/_/_/
 :: Spring Boot ::        (v2.3.4.RELEASE)

2020-10-26 17:05:58.481  INFO 160688 --- [    Test worker] c.t.c.CalculatorApplicationTests         : Starting CalculatorApplicationTests on tarek-pc with PID 160688 (started by root in /root/Docker/chp4_CI-jenkins/calculator)
2020-10-26 17:05:58.485  INFO 160688 --- [    Test worker] c.t.c.CalculatorApplicationTests         : No active profile set, falling back to default profiles: default
2020-10-26 17:06:02.027  INFO 160688 --- [    Test worker] o.s.s.concurrent.ThreadPoolTaskExecutor  : Initializing ExecutorService 'applicationTaskExecutor'
2020-10-26 17:06:02.805  INFO 160688 --- [    Test worker] c.t.c.CalculatorApplicationTests         : Started CalculatorApplicationTests in 5.46 seconds (JVM running for 15.24)
]]></system-out>
  <system-err><![CDATA[]]></system-err>
</testsuite>
